<?xml version="1.0" encoding="UTF-8"?>
<!-- Generated by org.testng.reporters.JUnitXMLReporter -->
<testsuite ignored="0" hostname="LAPTOP-1HRV6H1C" failures="0" tests="3" name="Test1" time="35.224" errors="0" timestamp="2021-08-04T13:50:59 IST">
  <testcase classname="test1.ExecuteGrow" name="ValidateGoldIcon" time="3.293"/>
  <testcase classname="test1.ExecuteGrow" name="ValidateMutualfundIcon" time="3.341"/>
  <testcase classname="test1.ExecuteGrow" name="ValidateStocksIcon" time="3.292"/>
</testsuite> <!-- Test1 -->
